<?xml version="1.0" encoding="UTF-8"?>
<testng-results ignored="0" total="1" passed="1" failed="0" skipped="0">
  <reporter-output>
  </reporter-output>
  <suite started-at="2022-06-06T15:01:14 SGT" name="Suite" finished-at="2022-06-06T15:01:20 SGT" duration-ms="5478">
    <groups>
    </groups>
    <test started-at="2022-06-06T15:01:14 SGT" name="Test" finished-at="2022-06-06T15:01:20 SGT" duration-ms="5478">
      <class name="phase2_MVN001.MVN001">
        <test-method signature="testM001()[pri:0, instance:phase2_MVN001.MVN001@6bf0219d]" started-at="2022-06-06T15:01:14 SGT" name="testM001" finished-at="2022-06-06T15:01:20 SGT" duration-ms="5449" status="PASS">
          <reporter-output>
          </reporter-output>
        </test-method> <!-- testM001 -->
      </class> <!-- phase2_MVN001.MVN001 -->
    </test> <!-- Test -->
  </suite> <!-- Suite -->
</testng-results>
